SF:lib\z_calc\calculator.dart
DA:4,4
DA:6,4
DA:8,4
DA:10,1
DA:11,2
DA:12,1
DA:15,1
DA:16,1
DA:18,2
DA:22,1
DA:23,2
DA:28,0
DA:29,0
DA:31,0
DA:32,0
DA:33,0
DA:41,0
DA:43,0
DA:44,0
DA:45,0
DA:47,0
DA:48,0
DA:49,0
LF:23
LH:11
end_of_record
SF:lib\z_calc\calculator_app.dart
DA:6,5
DA:13,0
DA:16,1
DA:18,1
DA:20,1
DA:21,1
DA:22,1
DA:25,1
DA:26,1
DA:28,1
DA:29,1
DA:32,1
DA:38,1
DA:44,1
DA:50,1
DA:66,2
DA:72,2
DA:79,2
DA:81,2
DA:82,2
DA:83,2
DA:85,2
DA:86,2
DA:87,2
DA:88,4
DA:89,6
DA:91,2
DA:92,4
DA:93,6
DA:95,4
DA:96,2
DA:97,10
DA:99,4
DA:100,1
DA:102,5
DA:105,1
DA:106,1
DA:107,4
DA:109,1
DA:110,2
DA:113,4
DA:114,1
DA:115,5
DA:117,4
DA:118,1
DA:119,2
DA:121,0
DA:129,3
DA:133,3
DA:135,3
DA:136,3
DA:145,1
DA:149,1
DA:151,1
DA:153,1
DA:154,1
DA:155,1
DA:157,1
DA:158,4
DA:159,2
DA:163,3
DA:170,1
DA:174,1
DA:176,0
DA:177,2
DA:178,0
DA:179,0
LF:67
LH:62
end_of_record
